2025-02-16 15:00:47,494 - utils.logger - INFO - Starting bot...
2025-02-16 15:00:47,494 - utils.logger - INFO - Starting polling...
2025-02-16 15:00:47,494 - aiogram.dispatcher - INFO - Start polling
2025-02-16 15:00:50,074 - aiogram.dispatcher - WARNING - Received SIGTERM signal
2025-02-16 15:00:50,075 - aiogram.dispatcher - INFO - Polling stopped
2025-02-16 15:00:53,316 - utils.logger - INFO - Starting bot...
2025-02-16 15:00:53,316 - utils.logger - INFO - Starting polling...
2025-02-16 15:00:53,317 - aiogram.dispatcher - INFO - Start polling
2025-02-16 15:00:53,689 - aiogram.dispatcher - INFO - Run polling for bot @youtubemediadownloader2014bot id=8135378536 - 'YouTube Instagram Pinterest Downloader'
2025-02-16 15:01:19,481 - aiogram.dispatcher - WARNING - Received SIGTERM signal
2025-02-16 15:01:19,482 - aiogram.dispatcher - INFO - Polling stopped for bot @youtubemediadownloader2014bot id=8135378536 - 'YouTube Instagram Pinterest Downloader'
2025-02-16 15:01:19,482 - aiogram.dispatcher - INFO - Polling stopped
2025-02-16 15:01:22,957 - utils.logger - INFO - Starting bot...
2025-02-16 15:01:22,957 - utils.logger - INFO - Starting polling...
2025-02-16 15:01:22,958 - aiogram.dispatcher - INFO - Start polling
2025-02-16 15:01:23,325 - aiogram.dispatcher - INFO - Run polling for bot @youtubemediadownloader2014bot id=8135378536 - 'YouTube Instagram Pinterest Downloader'
2025-02-16 15:01:50,178 - aiogram.dispatcher - WARNING - Received SIGTERM signal
2025-02-16 15:01:50,178 - aiogram.dispatcher - INFO - Polling stopped for bot @youtubemediadownloader2014bot id=8135378536 - 'YouTube Instagram Pinterest Downloader'
2025-02-16 15:01:50,179 - aiogram.dispatcher - INFO - Polling stopped
2025-02-16 15:01:54,042 - utils.logger - INFO - Starting bot...
2025-02-16 15:01:54,042 - utils.logger - INFO - Starting polling...
2025-02-16 15:01:54,043 - aiogram.dispatcher - INFO - Start polling
2025-02-16 15:01:54,413 - aiogram.dispatcher - INFO - Run polling for bot @youtubemediadownloader2014bot id=8135378536 - 'YouTube Instagram Pinterest Downloader'
2025-02-16 15:02:05,260 - aiogram.dispatcher - WARNING - Received SIGTERM signal
2025-02-16 15:02:05,261 - aiogram.dispatcher - INFO - Polling stopped for bot @youtubemediadownloader2014bot id=8135378536 - 'YouTube Instagram Pinterest Downloader'
2025-02-16 15:02:05,261 - aiogram.dispatcher - INFO - Polling stopped
2025-02-16 15:02:09,055 - utils.logger - INFO - Starting bot...
2025-02-16 15:02:09,055 - utils.logger - INFO - Starting polling...
2025-02-16 15:02:09,056 - aiogram.dispatcher - INFO - Start polling
2025-02-16 15:02:09,440 - aiogram.dispatcher - INFO - Run polling for bot @youtubemediadownloader2014bot id=8135378536 - 'YouTube Instagram Pinterest Downloader'
2025-02-16 15:02:42,658 - aiogram.event - INFO - Update id=296563363 is handled. Duration 410 ms by bot id=8135378536
2025-02-16 15:02:52,937 - aiogram.event - INFO - Update id=296563364 is not handled. Duration 120 ms by bot id=8135378536
2025-02-16 15:02:52,938 - aiogram.event - ERROR - Cause exception while process update id=296563364 by bot id=8135378536
TelegramBadRequest: Telegram server says - Bad Request: can't parse entities: Unsupported start tag "url" at byte offset 85
Traceback (most recent call last):
  File "/home/runner/workspace/.pythonlibs/lib/python3.11/site-packages/aiogram/dispatcher/dispatcher.py", line 309, in _process_update
    response = await self.feed_update(bot, update, **kwargs)
               ^^^^^^^^^^^^^^^^^^^^^^^^^^^^^^^^^^^^^^^^^^^^^
  File "/home/runner/workspace/.pythonlibs/lib/python3.11/site-packages/aiogram/dispatcher/dispatcher.py", line 158, in feed_update
    response = await self.update.wrap_outer_middleware(
               ^^^^^^^^^^^^^^^^^^^^^^^^^^^^^^^^^^^^^^^^
  File "/home/runner/workspace/.pythonlibs/lib/python3.11/site-packages/aiogram/dispatcher/middlewares/error.py", line 25, in __call__
    return await handler(event, data)
           ^^^^^^^^^^^^^^^^^^^^^^^^^^
  File "/home/runner/workspace/.pythonlibs/lib/python3.11/site-packages/aiogram/dispatcher/middlewares/user_context.py", line 56, in __call__
    return await handler(event, data)
           ^^^^^^^^^^^^^^^^^^^^^^^^^^
  File "/home/runner/workspace/.pythonlibs/lib/python3.11/site-packages/aiogram/fsm/middleware.py", line 42, in __call__
    return await handler(event, data)
           ^^^^^^^^^^^^^^^^^^^^^^^^^^
  File "/home/runner/workspace/.pythonlibs/lib/python3.11/site-packages/aiogram/dispatcher/event/telegram.py", line 121, in trigger
    return await wrapped_inner(event, kwargs)
           ^^^^^^^^^^^^^^^^^^^^^^^^^^^^^^^^^^
  File "/home/runner/workspace/.pythonlibs/lib/python3.11/site-packages/aiogram/dispatcher/event/handler.py", line 43, in call
    return await wrapped()
           ^^^^^^^^^^^^^^^
  File "/home/runner/workspace/.pythonlibs/lib/python3.11/site-packages/aiogram/dispatcher/dispatcher.py", line 276, in _listen_update
    return await self.propagate_event(update_type=update_type, event=event, **kwargs)
           ^^^^^^^^^^^^^^^^^^^^^^^^^^^^^^^^^^^^^^^^^^^^^^^^^^^^^^^^^^^^^^^^^^^^^^^^^^
  File "/home/runner/workspace/.pythonlibs/lib/python3.11/site-packages/aiogram/dispatcher/router.py", line 146, in propagate_event
    return await observer.wrap_outer_middleware(_wrapped, event=event, data=kwargs)
           ^^^^^^^^^^^^^^^^^^^^^^^^^^^^^^^^^^^^^^^^^^^^^^^^^^^^^^^^^^^^^^^^^^^^^^^^
  File "/home/runner/workspace/.pythonlibs/lib/python3.11/site-packages/aiogram/dispatcher/router.py", line 141, in _wrapped
    return await self._propagate_event(
           ^^^^^^^^^^^^^^^^^^^^^^^^^^^^
  File "/home/runner/workspace/.pythonlibs/lib/python3.11/site-packages/aiogram/dispatcher/router.py", line 166, in _propagate_event
    response = await observer.trigger(event, **kwargs)
               ^^^^^^^^^^^^^^^^^^^^^^^^^^^^^^^^^^^^^^^
  File "/home/runner/workspace/.pythonlibs/lib/python3.11/site-packages/aiogram/dispatcher/event/telegram.py", line 121, in trigger
    return await wrapped_inner(event, kwargs)
           ^^^^^^^^^^^^^^^^^^^^^^^^^^^^^^^^^^
  File "/home/runner/workspace/.pythonlibs/lib/python3.11/site-packages/aiogram/dispatcher/event/handler.py", line 43, in call
    return await wrapped()
           ^^^^^^^^^^^^^^^
  File "/home/runner/workspace/handlers/common.py", line 35, in help_handler
    await message.answer(help_text)
  File "/home/runner/workspace/.pythonlibs/lib/python3.11/site-packages/aiogram/methods/base.py", line 84, in emit
    return await bot(self)
           ^^^^^^^^^^^^^^^
  File "/home/runner/workspace/.pythonlibs/lib/python3.11/site-packages/aiogram/client/bot.py", line 498, in __call__
    return await self.session(self, method, timeout=request_timeout)
           ^^^^^^^^^^^^^^^^^^^^^^^^^^^^^^^^^^^^^^^^^^^^^^^^^^^^^^^^^
  File "/home/runner/workspace/.pythonlibs/lib/python3.11/site-packages/aiogram/client/session/base.py", line 254, in __call__
    return cast(TelegramType, await middleware(bot, method))
                              ^^^^^^^^^^^^^^^^^^^^^^^^^^^^^
  File "/home/runner/workspace/.pythonlibs/lib/python3.11/site-packages/aiogram/client/session/aiohttp.py", line 189, in make_request
    response = self.check_response(
               ^^^^^^^^^^^^^^^^^^^^
  File "/home/runner/workspace/.pythonlibs/lib/python3.11/site-packages/aiogram/client/session/base.py", line 120, in check_response
    raise TelegramBadRequest(method=method, message=description)
aiogram.exceptions.TelegramBadRequest: Telegram server says - Bad Request: can't parse entities: Unsupported start tag "url" at byte offset 85
2025-02-16 15:03:15,257 - aiogram.event - INFO - Update id=296563365 is not handled. Duration 121 ms by bot id=8135378536
2025-02-16 15:03:15,257 - aiogram.event - ERROR - Cause exception while process update id=296563365 by bot id=8135378536
TelegramBadRequest: Telegram server says - Bad Request: can't parse entities: Unsupported start tag "url" at byte offset 85
Traceback (most recent call last):
  File "/home/runner/workspace/.pythonlibs/lib/python3.11/site-packages/aiogram/dispatcher/dispatcher.py", line 309, in _process_update
    response = await self.feed_update(bot, update, **kwargs)
               ^^^^^^^^^^^^^^^^^^^^^^^^^^^^^^^^^^^^^^^^^^^^^
  File "/home/runner/workspace/.pythonlibs/lib/python3.11/site-packages/aiogram/dispatcher/dispatcher.py", line 158, in feed_update
    response = await self.update.wrap_outer_middleware(
               ^^^^^^^^^^^^^^^^^^^^^^^^^^^^^^^^^^^^^^^^
  File "/home/runner/workspace/.pythonlibs/lib/python3.11/site-packages/aiogram/dispatcher/middlewares/error.py", line 25, in __call__
    return await handler(event, data)
           ^^^^^^^^^^^^^^^^^^^^^^^^^^
  File "/home/runner/workspace/.pythonlibs/lib/python3.11/site-packages/aiogram/dispatcher/middlewares/user_context.py", line 56, in __call__
    return await handler(event, data)
           ^^^^^^^^^^^^^^^^^^^^^^^^^^
  File "/home/runner/workspace/.pythonlibs/lib/python3.11/site-packages/aiogram/fsm/middleware.py", line 42, in __call__
    return await handler(event, data)
           ^^^^^^^^^^^^^^^^^^^^^^^^^^
  File "/home/runner/workspace/.pythonlibs/lib/python3.11/site-packages/aiogram/dispatcher/event/telegram.py", line 121, in trigger
    return await wrapped_inner(event, kwargs)
           ^^^^^^^^^^^^^^^^^^^^^^^^^^^^^^^^^^
  File "/home/runner/workspace/.pythonlibs/lib/python3.11/site-packages/aiogram/dispatcher/event/handler.py", line 43, in call
    return await wrapped()
           ^^^^^^^^^^^^^^^
  File "/home/runner/workspace/.pythonlibs/lib/python3.11/site-packages/aiogram/dispatcher/dispatcher.py", line 276, in _listen_update
    return await self.propagate_event(update_type=update_type, event=event, **kwargs)
           ^^^^^^^^^^^^^^^^^^^^^^^^^^^^^^^^^^^^^^^^^^^^^^^^^^^^^^^^^^^^^^^^^^^^^^^^^^
  File "/home/runner/workspace/.pythonlibs/lib/python3.11/site-packages/aiogram/dispatcher/router.py", line 146, in propagate_event
    return await observer.wrap_outer_middleware(_wrapped, event=event, data=kwargs)
           ^^^^^^^^^^^^^^^^^^^^^^^^^^^^^^^^^^^^^^^^^^^^^^^^^^^^^^^^^^^^^^^^^^^^^^^^
  File "/home/runner/workspace/.pythonlibs/lib/python3.11/site-packages/aiogram/dispatcher/router.py", line 141, in _wrapped
    return await self._propagate_event(
           ^^^^^^^^^^^^^^^^^^^^^^^^^^^^
  File "/home/runner/workspace/.pythonlibs/lib/python3.11/site-packages/aiogram/dispatcher/router.py", line 166, in _propagate_event
    response = await observer.trigger(event, **kwargs)
               ^^^^^^^^^^^^^^^^^^^^^^^^^^^^^^^^^^^^^^^
  File "/home/runner/workspace/.pythonlibs/lib/python3.11/site-packages/aiogram/dispatcher/event/telegram.py", line 121, in trigger
    return await wrapped_inner(event, kwargs)
           ^^^^^^^^^^^^^^^^^^^^^^^^^^^^^^^^^^
  File "/home/runner/workspace/.pythonlibs/lib/python3.11/site-packages/aiogram/dispatcher/event/handler.py", line 43, in call
    return await wrapped()
           ^^^^^^^^^^^^^^^
  File "/home/runner/workspace/handlers/common.py", line 35, in help_handler
    await message.answer(help_text)
  File "/home/runner/workspace/.pythonlibs/lib/python3.11/site-packages/aiogram/methods/base.py", line 84, in emit
    return await bot(self)
           ^^^^^^^^^^^^^^^
  File "/home/runner/workspace/.pythonlibs/lib/python3.11/site-packages/aiogram/client/bot.py", line 498, in __call__
    return await self.session(self, method, timeout=request_timeout)
           ^^^^^^^^^^^^^^^^^^^^^^^^^^^^^^^^^^^^^^^^^^^^^^^^^^^^^^^^^
  File "/home/runner/workspace/.pythonlibs/lib/python3.11/site-packages/aiogram/client/session/base.py", line 254, in __call__
    return cast(TelegramType, await middleware(bot, method))
                              ^^^^^^^^^^^^^^^^^^^^^^^^^^^^^
  File "/home/runner/workspace/.pythonlibs/lib/python3.11/site-packages/aiogram/client/session/aiohttp.py", line 189, in make_request
    response = self.check_response(
               ^^^^^^^^^^^^^^^^^^^^
  File "/home/runner/workspace/.pythonlibs/lib/python3.11/site-packages/aiogram/client/session/base.py", line 120, in check_response
    raise TelegramBadRequest(method=method, message=description)
aiogram.exceptions.TelegramBadRequest: Telegram server says - Bad Request: can't parse entities: Unsupported start tag "url" at byte offset 85
2025-02-16 15:04:54,909 - aiogram.dispatcher - WARNING - Received SIGINT signal
2025-02-16 15:04:54,911 - aiogram.dispatcher - INFO - Polling stopped for bot @youtubemediadownloader2014bot id=8135378536 - 'YouTube Instagram Pinterest Downloader'
2025-02-16 15:04:54,911 - aiogram.dispatcher - INFO - Polling stopped
2025-02-16 15:05:45,102 - utils.logger - INFO - Starting bot...
2025-02-16 15:05:45,102 - utils.logger - INFO - Starting polling...
2025-02-16 15:05:45,102 - aiogram.dispatcher - INFO - Start polling
2025-02-16 15:05:45,477 - aiogram.dispatcher - INFO - Run polling for bot @youtubemediadownloader2014bot id=8135378536 - 'YouTube Instagram Pinterest Downloader'
2025-02-16 15:05:55,284 - aiogram.event - INFO - Update id=296563366 is handled. Duration 459 ms by bot id=8135378536
2025-02-16 15:05:57,507 - aiogram.event - INFO - Update id=296563367 is handled. Duration 275 ms by bot id=8135378536
2025-02-16 15:06:58,331 - utils.logger - INFO - Processing download request for URL: https://ru.pinterest.com/pin/489836896979084691/
2025-02-16 15:06:58,331 - utils.logger - INFO - Detected platform: pinterest
2025-02-16 15:06:59,371 - utils.logger - INFO - Successfully downloaded Pinterest pin: https://ru.pinterest.com/pin/489836896979084691/
2025-02-16 15:06:59,372 - utils.logger - ERROR - Error sending file to user: 2 validation errors for SendPhoto
photo.is-instance[InputFile]
  Input should be an instance of InputFile [type=is_instance_of, input_value=<_io.BufferedReader name=...ads/pinterest/pin_.jpg'>, input_type=BufferedReader]
    For further information visit https://errors.pydantic.dev/2.10/v/is_instance_of
photo.str
  Input should be a valid string [type=string_type, input_value=<_io.BufferedReader name=...ads/pinterest/pin_.jpg'>, input_type=BufferedReader]
    For further information visit https://errors.pydantic.dev/2.10/v/string_type
2025-02-16 15:06:59,372 - utils.logger - INFO - Cleaned up file: downloads/pinterest/pin_.jpg
2025-02-16 15:06:59,560 - utils.logger - ERROR - Error processing download: 2 validation errors for SendPhoto
photo.is-instance[InputFile]
  Input should be an instance of InputFile [type=is_instance_of, input_value=<_io.BufferedReader name=...ads/pinterest/pin_.jpg'>, input_type=BufferedReader]
    For further information visit https://errors.pydantic.dev/2.10/v/is_instance_of
photo.str
  Input should be a valid string [type=string_type, input_value=<_io.BufferedReader name=...ads/pinterest/pin_.jpg'>, input_type=BufferedReader]
    For further information visit https://errors.pydantic.dev/2.10/v/string_type
2025-02-16 15:06:59,709 - aiogram.event - INFO - Update id=296563368 is not handled. Duration 1531 ms by bot id=8135378536
2025-02-16 15:06:59,709 - aiogram.event - ERROR - Cause exception while process update id=296563368 by bot id=8135378536
TelegramBadRequest: Telegram server says - Bad Request: can't parse entities: Unsupported start tag "_io.bufferedreader" at byte offset 245
Traceback (most recent call last):
  File "/home/runner/workspace/handlers/download.py", line 56, in download_handler
    await message.answer_photo(file, caption="Вот ваше фото! 📸")
          ^^^^^^^^^^^^^^^^^^^^^^^^^^^^^^^^^^^^^^^^^^^^^^^^^^^^^^^
  File "/home/runner/workspace/.pythonlibs/lib/python3.11/site-packages/aiogram/types/message.py", line 2246, in answer_photo
    return SendPhoto(
           ^^^^^^^^^^
  File "/home/runner/workspace/.pythonlibs/lib/python3.11/site-packages/pydantic/main.py", line 214, in __init__
    validated_self = self.__pydantic_validator__.validate_python(data, self_instance=self)
                     ^^^^^^^^^^^^^^^^^^^^^^^^^^^^^^^^^^^^^^^^^^^^^^^^^^^^^^^^^^^^^^^^^^^^^
pydantic_core._pydantic_core.ValidationError: 2 validation errors for SendPhoto
photo.is-instance[InputFile]
  Input should be an instance of InputFile [type=is_instance_of, input_value=<_io.BufferedReader name=...ads/pinterest/pin_.jpg'>, input_type=BufferedReader]
    For further information visit https://errors.pydantic.dev/2.10/v/is_instance_of
photo.str
  Input should be a valid string [type=string_type, input_value=<_io.BufferedReader name=...ads/pinterest/pin_.jpg'>, input_type=BufferedReader]
    For further information visit https://errors.pydantic.dev/2.10/v/string_type

During handling of the above exception, another exception occurred:

Traceback (most recent call last):
  File "/home/runner/workspace/.pythonlibs/lib/python3.11/site-packages/aiogram/dispatcher/dispatcher.py", line 309, in _process_update
    response = await self.feed_update(bot, update, **kwargs)
               ^^^^^^^^^^^^^^^^^^^^^^^^^^^^^^^^^^^^^^^^^^^^^
  File "/home/runner/workspace/.pythonlibs/lib/python3.11/site-packages/aiogram/dispatcher/dispatcher.py", line 158, in feed_update
    response = await self.update.wrap_outer_middleware(
               ^^^^^^^^^^^^^^^^^^^^^^^^^^^^^^^^^^^^^^^^
  File "/home/runner/workspace/.pythonlibs/lib/python3.11/site-packages/aiogram/dispatcher/middlewares/error.py", line 25, in __call__
    return await handler(event, data)
           ^^^^^^^^^^^^^^^^^^^^^^^^^^
  File "/home/runner/workspace/.pythonlibs/lib/python3.11/site-packages/aiogram/dispatcher/middlewares/user_context.py", line 56, in __call__
    return await handler(event, data)
           ^^^^^^^^^^^^^^^^^^^^^^^^^^
  File "/home/runner/workspace/.pythonlibs/lib/python3.11/site-packages/aiogram/fsm/middleware.py", line 42, in __call__
    return await handler(event, data)
           ^^^^^^^^^^^^^^^^^^^^^^^^^^
  File "/home/runner/workspace/.pythonlibs/lib/python3.11/site-packages/aiogram/dispatcher/event/telegram.py", line 121, in trigger
    return await wrapped_inner(event, kwargs)
           ^^^^^^^^^^^^^^^^^^^^^^^^^^^^^^^^^^
  File "/home/runner/workspace/.pythonlibs/lib/python3.11/site-packages/aiogram/dispatcher/event/handler.py", line 43, in call
    return await wrapped()
           ^^^^^^^^^^^^^^^
  File "/home/runner/workspace/.pythonlibs/lib/python3.11/site-packages/aiogram/dispatcher/dispatcher.py", line 276, in _listen_update
    return await self.propagate_event(update_type=update_type, event=event, **kwargs)
           ^^^^^^^^^^^^^^^^^^^^^^^^^^^^^^^^^^^^^^^^^^^^^^^^^^^^^^^^^^^^^^^^^^^^^^^^^^
  File "/home/runner/workspace/.pythonlibs/lib/python3.11/site-packages/aiogram/dispatcher/router.py", line 146, in propagate_event
    return await observer.wrap_outer_middleware(_wrapped, event=event, data=kwargs)
           ^^^^^^^^^^^^^^^^^^^^^^^^^^^^^^^^^^^^^^^^^^^^^^^^^^^^^^^^^^^^^^^^^^^^^^^^
  File "/home/runner/workspace/.pythonlibs/lib/python3.11/site-packages/aiogram/dispatcher/router.py", line 141, in _wrapped
    return await self._propagate_event(
           ^^^^^^^^^^^^^^^^^^^^^^^^^^^^
  File "/home/runner/workspace/.pythonlibs/lib/python3.11/site-packages/aiogram/dispatcher/router.py", line 166, in _propagate_event
    response = await observer.trigger(event, **kwargs)
               ^^^^^^^^^^^^^^^^^^^^^^^^^^^^^^^^^^^^^^^
  File "/home/runner/workspace/.pythonlibs/lib/python3.11/site-packages/aiogram/dispatcher/event/telegram.py", line 121, in trigger
    return await wrapped_inner(event, kwargs)
           ^^^^^^^^^^^^^^^^^^^^^^^^^^^^^^^^^^
  File "/home/runner/workspace/.pythonlibs/lib/python3.11/site-packages/aiogram/dispatcher/event/handler.py", line 43, in call
    return await wrapped()
           ^^^^^^^^^^^^^^^
  File "/home/runner/workspace/handlers/download.py", line 71, in download_handler
    await message.answer(error_message)
  File "/home/runner/workspace/.pythonlibs/lib/python3.11/site-packages/aiogram/methods/base.py", line 84, in emit
    return await bot(self)
           ^^^^^^^^^^^^^^^
  File "/home/runner/workspace/.pythonlibs/lib/python3.11/site-packages/aiogram/client/bot.py", line 498, in __call__
    return await self.session(self, method, timeout=request_timeout)
           ^^^^^^^^^^^^^^^^^^^^^^^^^^^^^^^^^^^^^^^^^^^^^^^^^^^^^^^^^
  File "/home/runner/workspace/.pythonlibs/lib/python3.11/site-packages/aiogram/client/session/base.py", line 254, in __call__
    return cast(TelegramType, await middleware(bot, method))
                              ^^^^^^^^^^^^^^^^^^^^^^^^^^^^^
  File "/home/runner/workspace/.pythonlibs/lib/python3.11/site-packages/aiogram/client/session/aiohttp.py", line 189, in make_request
    response = self.check_response(
               ^^^^^^^^^^^^^^^^^^^^
  File "/home/runner/workspace/.pythonlibs/lib/python3.11/site-packages/aiogram/client/session/base.py", line 120, in check_response
    raise TelegramBadRequest(method=method, message=description)
aiogram.exceptions.TelegramBadRequest: Telegram server says - Bad Request: can't parse entities: Unsupported start tag "_io.bufferedreader" at byte offset 245
2025-02-16 15:08:24,197 - utils.logger - INFO - Processing download request for URL: https://ru.pinterest.com/pin/489836896979084691/
2025-02-16 15:08:24,197 - utils.logger - INFO - Detected platform: pinterest
2025-02-16 15:08:24,748 - utils.logger - INFO - Successfully downloaded Pinterest pin: https://ru.pinterest.com/pin/489836896979084691/
2025-02-16 15:08:24,748 - utils.logger - ERROR - Error sending file to user: 2 validation errors for SendPhoto
photo.is-instance[InputFile]
  Input should be an instance of InputFile [type=is_instance_of, input_value=<_io.BufferedReader name=...ads/pinterest/pin_.jpg'>, input_type=BufferedReader]
    For further information visit https://errors.pydantic.dev/2.10/v/is_instance_of
photo.str
  Input should be a valid string [type=string_type, input_value=<_io.BufferedReader name=...ads/pinterest/pin_.jpg'>, input_type=BufferedReader]
    For further information visit https://errors.pydantic.dev/2.10/v/string_type
2025-02-16 15:08:24,749 - utils.logger - INFO - Cleaned up file: downloads/pinterest/pin_.jpg
2025-02-16 15:08:24,900 - utils.logger - ERROR - Error processing download: 2 validation errors for SendPhoto
photo.is-instance[InputFile]
  Input should be an instance of InputFile [type=is_instance_of, input_value=<_io.BufferedReader name=...ads/pinterest/pin_.jpg'>, input_type=BufferedReader]
    For further information visit https://errors.pydantic.dev/2.10/v/is_instance_of
photo.str
  Input should be a valid string [type=string_type, input_value=<_io.BufferedReader name=...ads/pinterest/pin_.jpg'>, input_type=BufferedReader]
    For further information visit https://errors.pydantic.dev/2.10/v/string_type
2025-02-16 15:08:25,038 - aiogram.event - INFO - Update id=296563369 is not handled. Duration 1036 ms by bot id=8135378536
2025-02-16 15:08:25,038 - aiogram.event - ERROR - Cause exception while process update id=296563369 by bot id=8135378536
TelegramBadRequest: Telegram server says - Bad Request: can't parse entities: Unsupported start tag "_io.bufferedreader" at byte offset 245
Traceback (most recent call last):
  File "/home/runner/workspace/handlers/download.py", line 56, in download_handler
    await message.answer_photo(file, caption="Вот ваше фото! 📸")
          ^^^^^^^^^^^^^^^^^^^^^^^^^^^^^^^^^^^^^^^^^^^^^^^^^^^^^^^
  File "/home/runner/workspace/.pythonlibs/lib/python3.11/site-packages/aiogram/types/message.py", line 2246, in answer_photo
    return SendPhoto(
           ^^^^^^^^^^
  File "/home/runner/workspace/.pythonlibs/lib/python3.11/site-packages/pydantic/main.py", line 214, in __init__
    validated_self = self.__pydantic_validator__.validate_python(data, self_instance=self)
                     ^^^^^^^^^^^^^^^^^^^^^^^^^^^^^^^^^^^^^^^^^^^^^^^^^^^^^^^^^^^^^^^^^^^^^
pydantic_core._pydantic_core.ValidationError: 2 validation errors for SendPhoto
photo.is-instance[InputFile]
  Input should be an instance of InputFile [type=is_instance_of, input_value=<_io.BufferedReader name=...ads/pinterest/pin_.jpg'>, input_type=BufferedReader]
    For further information visit https://errors.pydantic.dev/2.10/v/is_instance_of
photo.str
  Input should be a valid string [type=string_type, input_value=<_io.BufferedReader name=...ads/pinterest/pin_.jpg'>, input_type=BufferedReader]
    For further information visit https://errors.pydantic.dev/2.10/v/string_type

During handling of the above exception, another exception occurred:

Traceback (most recent call last):
  File "/home/runner/workspace/.pythonlibs/lib/python3.11/site-packages/aiogram/dispatcher/dispatcher.py", line 309, in _process_update
    response = await self.feed_update(bot, update, **kwargs)
               ^^^^^^^^^^^^^^^^^^^^^^^^^^^^^^^^^^^^^^^^^^^^^
  File "/home/runner/workspace/.pythonlibs/lib/python3.11/site-packages/aiogram/dispatcher/dispatcher.py", line 158, in feed_update
    response = await self.update.wrap_outer_middleware(
               ^^^^^^^^^^^^^^^^^^^^^^^^^^^^^^^^^^^^^^^^
  File "/home/runner/workspace/.pythonlibs/lib/python3.11/site-packages/aiogram/dispatcher/middlewares/error.py", line 25, in __call__
    return await handler(event, data)
           ^^^^^^^^^^^^^^^^^^^^^^^^^^
  File "/home/runner/workspace/.pythonlibs/lib/python3.11/site-packages/aiogram/dispatcher/middlewares/user_context.py", line 56, in __call__
    return await handler(event, data)
           ^^^^^^^^^^^^^^^^^^^^^^^^^^
  File "/home/runner/workspace/.pythonlibs/lib/python3.11/site-packages/aiogram/fsm/middleware.py", line 42, in __call__
    return await handler(event, data)
           ^^^^^^^^^^^^^^^^^^^^^^^^^^
  File "/home/runner/workspace/.pythonlibs/lib/python3.11/site-packages/aiogram/dispatcher/event/telegram.py", line 121, in trigger
    return await wrapped_inner(event, kwargs)
           ^^^^^^^^^^^^^^^^^^^^^^^^^^^^^^^^^^
  File "/home/runner/workspace/.pythonlibs/lib/python3.11/site-packages/aiogram/dispatcher/event/handler.py", line 43, in call
    return await wrapped()
           ^^^^^^^^^^^^^^^
  File "/home/runner/workspace/.pythonlibs/lib/python3.11/site-packages/aiogram/dispatcher/dispatcher.py", line 276, in _listen_update
    return await self.propagate_event(update_type=update_type, event=event, **kwargs)
           ^^^^^^^^^^^^^^^^^^^^^^^^^^^^^^^^^^^^^^^^^^^^^^^^^^^^^^^^^^^^^^^^^^^^^^^^^^
  File "/home/runner/workspace/.pythonlibs/lib/python3.11/site-packages/aiogram/dispatcher/router.py", line 146, in propagate_event
    return await observer.wrap_outer_middleware(_wrapped, event=event, data=kwargs)
           ^^^^^^^^^^^^^^^^^^^^^^^^^^^^^^^^^^^^^^^^^^^^^^^^^^^^^^^^^^^^^^^^^^^^^^^^
  File "/home/runner/workspace/.pythonlibs/lib/python3.11/site-packages/aiogram/dispatcher/router.py", line 141, in _wrapped
    return await self._propagate_event(
           ^^^^^^^^^^^^^^^^^^^^^^^^^^^^
  File "/home/runner/workspace/.pythonlibs/lib/python3.11/site-packages/aiogram/dispatcher/router.py", line 166, in _propagate_event
    response = await observer.trigger(event, **kwargs)
               ^^^^^^^^^^^^^^^^^^^^^^^^^^^^^^^^^^^^^^^
  File "/home/runner/workspace/.pythonlibs/lib/python3.11/site-packages/aiogram/dispatcher/event/telegram.py", line 121, in trigger
    return await wrapped_inner(event, kwargs)
           ^^^^^^^^^^^^^^^^^^^^^^^^^^^^^^^^^^
  File "/home/runner/workspace/.pythonlibs/lib/python3.11/site-packages/aiogram/dispatcher/event/handler.py", line 43, in call
    return await wrapped()
           ^^^^^^^^^^^^^^^
  File "/home/runner/workspace/handlers/download.py", line 71, in download_handler
    await message.answer(error_message)
  File "/home/runner/workspace/.pythonlibs/lib/python3.11/site-packages/aiogram/methods/base.py", line 84, in emit
    return await bot(self)
           ^^^^^^^^^^^^^^^
  File "/home/runner/workspace/.pythonlibs/lib/python3.11/site-packages/aiogram/client/bot.py", line 498, in __call__
    return await self.session(self, method, timeout=request_timeout)
           ^^^^^^^^^^^^^^^^^^^^^^^^^^^^^^^^^^^^^^^^^^^^^^^^^^^^^^^^^
  File "/home/runner/workspace/.pythonlibs/lib/python3.11/site-packages/aiogram/client/session/base.py", line 254, in __call__
    return cast(TelegramType, await middleware(bot, method))
                              ^^^^^^^^^^^^^^^^^^^^^^^^^^^^^
  File "/home/runner/workspace/.pythonlibs/lib/python3.11/site-packages/aiogram/client/session/aiohttp.py", line 189, in make_request
    response = self.check_response(
               ^^^^^^^^^^^^^^^^^^^^
  File "/home/runner/workspace/.pythonlibs/lib/python3.11/site-packages/aiogram/client/session/base.py", line 120, in check_response
    raise TelegramBadRequest(method=method, message=description)
aiogram.exceptions.TelegramBadRequest: Telegram server says - Bad Request: can't parse entities: Unsupported start tag "_io.bufferedreader" at byte offset 245
2025-02-16 15:09:44,731 - aiogram.dispatcher - WARNING - Received SIGTERM signal
2025-02-16 15:09:44,732 - aiogram.dispatcher - INFO - Polling stopped for bot @youtubemediadownloader2014bot id=8135378536 - 'YouTube Instagram Pinterest Downloader'
2025-02-16 15:09:44,733 - aiogram.dispatcher - INFO - Polling stopped
2025-02-16 15:09:48,407 - utils.logger - INFO - Starting bot...
2025-02-16 15:09:48,408 - utils.logger - INFO - Starting polling...
2025-02-16 15:09:48,408 - aiogram.dispatcher - INFO - Start polling
2025-02-16 15:09:48,800 - aiogram.dispatcher - INFO - Run polling for bot @youtubemediadownloader2014bot id=8135378536 - 'YouTube Instagram Pinterest Downloader'
2025-02-16 15:10:17,236 - aiogram.dispatcher - WARNING - Received SIGTERM signal
2025-02-16 15:10:17,236 - aiogram.dispatcher - INFO - Polling stopped for bot @youtubemediadownloader2014bot id=8135378536 - 'YouTube Instagram Pinterest Downloader'
2025-02-16 15:10:17,237 - aiogram.dispatcher - INFO - Polling stopped
2025-02-16 15:10:20,728 - utils.logger - INFO - Starting bot...
2025-02-16 15:10:20,728 - utils.logger - INFO - Starting polling...
2025-02-16 15:10:20,729 - aiogram.dispatcher - INFO - Start polling
2025-02-16 15:10:21,104 - aiogram.dispatcher - INFO - Run polling for bot @youtubemediadownloader2014bot id=8135378536 - 'YouTube Instagram Pinterest Downloader'
2025-02-16 15:10:41,470 - aiogram.dispatcher - WARNING - Received SIGTERM signal
2025-02-16 15:10:41,471 - aiogram.dispatcher - INFO - Polling stopped for bot @youtubemediadownloader2014bot id=8135378536 - 'YouTube Instagram Pinterest Downloader'
2025-02-16 15:10:41,471 - aiogram.dispatcher - INFO - Polling stopped
2025-02-16 15:10:44,935 - utils.logger - INFO - Starting bot...
2025-02-16 15:10:44,936 - utils.logger - INFO - Starting polling...
2025-02-16 15:10:44,937 - aiogram.dispatcher - INFO - Start polling
2025-02-16 15:10:45,304 - aiogram.dispatcher - INFO - Run polling for bot @youtubemediadownloader2014bot id=8135378536 - 'YouTube Instagram Pinterest Downloader'
2025-02-16 15:11:33,348 - aiogram.event - INFO - Update id=296563370 is handled. Duration 453 ms by bot id=8135378536
2025-02-16 15:11:40,928 - utils.logger - INFO - Processing download request for URL: https://ru.pinterest.com/pin/489836896979084691/
2025-02-16 15:11:40,928 - utils.logger - INFO - Detected platform: pinterest
2025-02-16 15:11:41,575 - utils.logger - INFO - Pinterest изображение успешно загружено: https://ru.pinterest.com/pin/489836896979084691/
2025-02-16 15:11:42,036 - utils.logger - INFO - Successfully sent file to user: downloads/pinterest/pin_.jpg
2025-02-16 15:11:42,038 - utils.logger - INFO - Cleaned up file: downloads/pinterest/pin_.jpg
2025-02-16 15:11:42,196 - aiogram.event - INFO - Update id=296563371 is handled. Duration 1407 ms by bot id=8135378536
2025-02-16 15:12:39,585 - utils.logger - INFO - Processing download request for URL: https://www.instagram.com/p/DGIjej4sPXhYgVPj5-fOpfRSrea1JV-zedI5_A0/
2025-02-16 15:12:39,586 - utils.logger - INFO - Detected platform: instagram
2025-02-16 15:12:40,525 - utils.logger - ERROR - Error downloading Instagram post: Fetching Post metadata failed.
2025-02-16 15:12:40,526 - utils.logger - ERROR - Error processing download: Fetching Post metadata failed.
2025-02-16 15:12:40,671 - aiogram.event - INFO - Update id=296563372 is handled. Duration 1238 ms by bot id=8135378536
2025-02-16 15:13:25,505 - utils.logger - INFO - Processing download request for URL: https://www.youtube.com/watch?v=goBHnAbWP1Q
2025-02-16 15:13:25,505 - utils.logger - INFO - Detected platform: youtube
2025-02-16 15:13:26,216 - utils.logger - ERROR - Error downloading YouTube video: HTTP Error 403: Forbidden
2025-02-16 15:13:26,216 - utils.logger - ERROR - Error processing download: HTTP Error 403: Forbidden
2025-02-16 15:13:26,369 - aiogram.event - INFO - Update id=296563373 is handled. Duration 1013 ms by bot id=8135378536
2025-02-16 15:13:58,020 - aiogram.dispatcher - WARNING - Received SIGINT signal
2025-02-16 15:13:58,020 - aiogram.dispatcher - INFO - Polling stopped for bot @youtubemediadownloader2014bot id=8135378536 - 'YouTube Instagram Pinterest Downloader'
2025-02-16 15:13:58,021 - aiogram.dispatcher - INFO - Polling stopped
2025-02-16 15:16:56,558 - utils.logger - INFO - Starting bot...
2025-02-16 15:16:56,559 - utils.logger - INFO - Starting polling...
2025-02-16 15:16:56,559 - aiogram.dispatcher - INFO - Start polling
2025-02-16 15:16:56,969 - aiogram.dispatcher - INFO - Run polling for bot @youtubemediadownloader2014bot id=8135378536 - 'YouTube Instagram Pinterest Downloader'
2025-02-16 15:17:49,909 - aiogram.dispatcher - WARNING - Received SIGTERM signal
2025-02-16 15:17:49,909 - aiogram.dispatcher - INFO - Polling stopped for bot @youtubemediadownloader2014bot id=8135378536 - 'YouTube Instagram Pinterest Downloader'
2025-02-16 15:17:49,910 - aiogram.dispatcher - INFO - Polling stopped
2025-02-16 15:17:54,240 - utils.logger - INFO - Starting bot...
2025-02-16 15:17:54,240 - utils.logger - INFO - Starting polling...
2025-02-16 15:17:54,241 - aiogram.dispatcher - INFO - Start polling
2025-02-16 15:17:54,610 - aiogram.dispatcher - INFO - Run polling for bot @youtubemediadownloader2014bot id=8135378536 - 'YouTube Instagram Pinterest Downloader'
2025-02-16 15:18:26,316 - aiogram.dispatcher - WARNING - Received SIGTERM signal
2025-02-16 15:18:26,317 - aiogram.dispatcher - INFO - Polling stopped for bot @youtubemediadownloader2014bot id=8135378536 - 'YouTube Instagram Pinterest Downloader'
2025-02-16 15:18:26,317 - aiogram.dispatcher - INFO - Polling stopped
2025-02-16 15:18:30,238 - utils.logger - INFO - Starting bot...
2025-02-16 15:18:30,238 - utils.logger - INFO - Starting polling...
2025-02-16 15:18:30,239 - aiogram.dispatcher - INFO - Start polling
2025-02-16 15:18:30,612 - aiogram.dispatcher - INFO - Run polling for bot @youtubemediadownloader2014bot id=8135378536 - 'YouTube Instagram Pinterest Downloader'
2025-02-16 15:18:56,227 - aiogram.dispatcher - WARNING - Received SIGTERM signal
2025-02-16 15:18:56,228 - aiogram.dispatcher - INFO - Polling stopped for bot @youtubemediadownloader2014bot id=8135378536 - 'YouTube Instagram Pinterest Downloader'
2025-02-16 15:18:56,228 - aiogram.dispatcher - INFO - Polling stopped
2025-02-16 15:18:59,926 - utils.logger - INFO - Starting bot...
2025-02-16 15:18:59,926 - utils.logger - INFO - Starting polling...
2025-02-16 15:18:59,926 - aiogram.dispatcher - INFO - Start polling
2025-02-16 15:19:00,296 - aiogram.dispatcher - INFO - Run polling for bot @youtubemediadownloader2014bot id=8135378536 - 'YouTube Instagram Pinterest Downloader'
2025-02-16 15:19:15,645 - aiogram.dispatcher - WARNING - Received SIGTERM signal
2025-02-16 15:19:15,645 - aiogram.dispatcher - INFO - Polling stopped for bot @youtubemediadownloader2014bot id=8135378536 - 'YouTube Instagram Pinterest Downloader'
2025-02-16 15:19:15,645 - aiogram.dispatcher - INFO - Polling stopped
2025-02-16 15:19:19,477 - utils.logger - INFO - Starting bot...
2025-02-16 15:19:19,478 - utils.logger - INFO - Starting polling...
2025-02-16 15:19:19,479 - aiogram.dispatcher - INFO - Start polling
2025-02-16 15:19:19,868 - aiogram.dispatcher - INFO - Run polling for bot @youtubemediadownloader2014bot id=8135378536 - 'YouTube Instagram Pinterest Downloader'
2025-02-16 15:19:53,413 - aiogram.dispatcher - WARNING - Received SIGTERM signal
2025-02-16 15:19:53,414 - aiogram.dispatcher - INFO - Polling stopped for bot @youtubemediadownloader2014bot id=8135378536 - 'YouTube Instagram Pinterest Downloader'
2025-02-16 15:19:53,414 - aiogram.dispatcher - INFO - Polling stopped
2025-02-16 15:19:57,296 - utils.logger - INFO - Starting bot...
2025-02-16 15:19:57,298 - utils.logger - INFO - Starting polling...
2025-02-16 15:19:57,298 - aiogram.dispatcher - INFO - Start polling
2025-02-16 15:19:57,689 - aiogram.dispatcher - INFO - Run polling for bot @youtubemediadownloader2014bot id=8135378536 - 'YouTube Instagram Pinterest Downloader'
2025-02-16 15:20:03,074 - aiogram.event - INFO - Update id=296563374 is handled. Duration 421 ms by bot id=8135378536
2025-02-16 15:20:06,349 - aiogram.dispatcher - WARNING - Received SIGTERM signal
2025-02-16 15:20:06,350 - aiogram.dispatcher - INFO - Polling stopped for bot @youtubemediadownloader2014bot id=8135378536 - 'YouTube Instagram Pinterest Downloader'
2025-02-16 15:20:06,350 - aiogram.dispatcher - INFO - Polling stopped
2025-02-16 15:20:10,587 - utils.logger - INFO - Starting bot...
2025-02-16 15:20:10,587 - utils.logger - INFO - Starting polling...
2025-02-16 15:20:10,588 - aiogram.dispatcher - INFO - Start polling
2025-02-16 15:20:10,956 - aiogram.dispatcher - INFO - Run polling for bot @youtubemediadownloader2014bot id=8135378536 - 'YouTube Instagram Pinterest Downloader'
2025-02-16 15:20:31,050 - utils.logger - INFO - Processing download request for URL: https://www.instagram.com/p/DGIjej4sPXhYgVPj5-fOpfRSrea1JV-zedI5_A0/
2025-02-16 15:20:31,050 - utils.logger - INFO - Detected platform: instagram
2025-02-16 15:20:31,050 - utils.logger - ERROR - Error downloading media: Instaloader.__init__() got an unexpected keyword argument 'download_videos_quick'
2025-02-16 15:20:31,324 - aiogram.event - INFO - Update id=296563375 is handled. Duration 674 ms by bot id=8135378536
2025-02-16 15:20:55,012 - aiogram.dispatcher - WARNING - Received SIGTERM signal
2025-02-16 15:20:55,013 - aiogram.dispatcher - INFO - Polling stopped for bot @youtubemediadownloader2014bot id=8135378536 - 'YouTube Instagram Pinterest Downloader'
2025-02-16 15:20:55,013 - aiogram.dispatcher - INFO - Polling stopped
2025-02-16 15:20:55,176 - utils.logger - ERROR - Error in download handler: HTTP Client says - ClientOSError: [Errno 1] [SSL: APPLICATION_DATA_AFTER_CLOSE_NOTIFY] application data after close notify (_ssl.c:2706)
2025-02-16 15:20:55,265 - aiogram.event - INFO - Update id=296563376 is not handled. Duration 278 ms by bot id=8135378536
2025-02-16 15:20:59,057 - utils.logger - INFO - Starting bot...
2025-02-16 15:20:59,057 - utils.logger - INFO - Starting polling...
2025-02-16 15:20:59,057 - aiogram.dispatcher - INFO - Start polling
2025-02-16 15:20:59,427 - aiogram.dispatcher - INFO - Run polling for bot @youtubemediadownloader2014bot id=8135378536 - 'YouTube Instagram Pinterest Downloader'
2025-02-16 15:21:17,444 - aiogram.event - INFO - Update id=296563377 is handled. Duration 415 ms by bot id=8135378536
2025-02-16 15:21:20,831 - aiogram.event - INFO - Update id=296563378 is handled. Duration 248 ms by bot id=8135378536
2025-02-16 15:21:23,777 - utils.logger - INFO - Processing download request for URL: https://www.instagram.com/p/DGIawmFxuVL/?utm_source=ig_web_button_share_sheet&igsh=ZDNlZDc0MzIxNw==
2025-02-16 15:21:23,778 - utils.logger - INFO - Detected platform: instagram
2025-02-16 15:21:23,778 - utils.logger - ERROR - Error downloading media: Instaloader.__init__() got an unexpected keyword argument 'download_videos_quick'
2025-02-16 15:21:24,089 - aiogram.event - INFO - Update id=296563379 is handled. Duration 455 ms by bot id=8135378536
2025-02-16 15:21:32,574 - utils.logger - INFO - Processing download request for URL: https://ru.pinterest.com/pin/489836896979084691/
2025-02-16 15:21:32,574 - utils.logger - INFO - Detected platform: pinterest
2025-02-16 15:21:32,574 - utils.logger - INFO - Начинаем загрузку пина Pinterest: https://ru.pinterest.com/pin/489836896979084691/
2025-02-16 15:21:36,127 - utils.logger - INFO - Найден URL изображения: https://i.pinimg.com/736x/c3/60/2f/c3602f48db5602599be17b901a5f9e36.jpg
2025-02-16 15:21:36,190 - utils.logger - INFO - Pinterest изображение успешно загружено: downloads/pinterest/pin_489836896979084691.jpg
2025-02-16 15:21:36,611 - utils.logger - INFO - Successfully sent file to user: downloads/pinterest/pin_489836896979084691.jpg
2025-02-16 15:21:36,612 - utils.logger - INFO - Cleaned up file: downloads/pinterest/pin_489836896979084691.jpg
2025-02-16 15:21:36,874 - aiogram.event - INFO - Update id=296563380 is handled. Duration 4444 ms by bot id=8135378536
2025-02-16 15:21:54,130 - utils.logger - INFO - Processing download request for URL: https://www.youtube.com/watch?v=goBHnAbWP1Q
2025-02-16 15:21:54,130 - utils.logger - INFO - Detected platform: youtube
2025-02-16 15:21:54,131 - utils.logger - INFO - Попытка загрузки YouTube видео с ID: goBHnAbWP1Q
2025-02-16 15:21:55,009 - utils.logger - ERROR - Неожиданная ошибка при попытке 1: HTTP Error 403: Forbidden
2025-02-16 15:21:57,798 - utils.logger - ERROR - Неожиданная ошибка при попытке 2: HTTP Error 403: Forbidden
2025-02-16 15:22:00,532 - utils.logger - ERROR - Неожиданная ошибка при попытке 3: HTTP Error 403: Forbidden
2025-02-16 15:22:00,821 - aiogram.event - INFO - Update id=296563381 is handled. Duration 6833 ms by bot id=8135378536
2025-02-16 15:23:19,480 - utils.logger - INFO - Processing download request for URL: https://www.instagram.com/p/DGIawmFxuVL/?utm_source=ig_web_button_share_sheet&igsh=ZDNlZDc0MzIxNw==
2025-02-16 15:23:19,480 - utils.logger - INFO - Detected platform: instagram
2025-02-16 15:23:19,480 - utils.logger - ERROR - Error downloading media: Instaloader.__init__() got an unexpected keyword argument 'download_videos_quick'
2025-02-16 15:23:19,753 - aiogram.event - INFO - Update id=296563382 is handled. Duration 429 ms by bot id=8135378536
2025-02-16 15:24:48,697 - aiogram.dispatcher - WARNING - Received SIGTERM signal
2025-02-16 15:24:48,698 - aiogram.dispatcher - INFO - Polling stopped for bot @youtubemediadownloader2014bot id=8135378536 - 'YouTube Instagram Pinterest Downloader'
2025-02-16 15:24:48,698 - aiogram.dispatcher - INFO - Polling stopped
2025-02-16 15:24:52,767 - utils.logger - INFO - Starting bot...
2025-02-16 15:24:52,768 - utils.logger - INFO - Starting polling...
2025-02-16 15:24:52,769 - aiogram.dispatcher - INFO - Start polling
2025-02-16 15:24:53,133 - aiogram.dispatcher - INFO - Run polling for bot @youtubemediadownloader2014bot id=8135378536 - 'YouTube Instagram Pinterest Downloader'
2025-02-16 15:25:21,787 - aiogram.dispatcher - WARNING - Received SIGTERM signal
2025-02-16 15:25:21,788 - aiogram.dispatcher - INFO - Polling stopped for bot @youtubemediadownloader2014bot id=8135378536 - 'YouTube Instagram Pinterest Downloader'
2025-02-16 15:25:21,788 - aiogram.dispatcher - INFO - Polling stopped
2025-02-16 15:25:25,721 - utils.logger - INFO - Starting bot...
2025-02-16 15:25:25,721 - utils.logger - INFO - Starting polling...
2025-02-16 15:25:25,722 - aiogram.dispatcher - INFO - Start polling
2025-02-16 15:25:26,092 - aiogram.dispatcher - INFO - Run polling for bot @youtubemediadownloader2014bot id=8135378536 - 'YouTube Instagram Pinterest Downloader'
2025-02-16 15:26:01,321 - aiogram.dispatcher - WARNING - Received SIGTERM signal
2025-02-16 15:26:01,321 - aiogram.dispatcher - INFO - Polling stopped for bot @youtubemediadownloader2014bot id=8135378536 - 'YouTube Instagram Pinterest Downloader'
2025-02-16 15:26:01,322 - aiogram.dispatcher - INFO - Polling stopped
2025-02-16 15:26:05,368 - utils.logger - INFO - Starting bot...
2025-02-16 15:26:05,368 - utils.logger - INFO - Starting polling...
2025-02-16 15:26:05,368 - aiogram.dispatcher - INFO - Start polling
2025-02-16 15:26:05,741 - aiogram.dispatcher - INFO - Run polling for bot @youtubemediadownloader2014bot id=8135378536 - 'YouTube Instagram Pinterest Downloader'
2025-02-16 15:26:55,318 - aiogram.event - INFO - Update id=296563383 is handled. Duration 393 ms by bot id=8135378536
2025-02-16 15:26:57,395 - aiogram.event - INFO - Update id=296563384 is handled. Duration 154 ms by bot id=8135378536
2025-02-16 15:27:02,433 - utils.logger - INFO - Processing download request for URL: https://www.instagram.com/p/DGIawmFxuVL/?utm_source=ig_web_button_share_sheet&igsh=ZDNlZDc0MzIxNw==
2025-02-16 15:27:02,434 - utils.logger - INFO - Detected platform: instagram
2025-02-16 15:27:02,434 - utils.logger - INFO - Попытка загрузки поста Instagram с shortcode: DGIawmFxuVL
2025-02-16 15:27:05,571 - utils.logger - ERROR - Ошибка в Instagram загрузчике: Файл не был загружен
2025-02-16 15:27:05,857 - aiogram.event - INFO - Update id=296563385 is handled. Duration 3565 ms by bot id=8135378536
2025-02-16 15:27:12,773 - utils.logger - INFO - Processing download request for URL: https://www.youtube.com/watch?v=goBHnAbWP1Q
2025-02-16 15:27:12,774 - utils.logger - INFO - Detected platform: youtube
2025-02-16 15:27:12,775 - utils.logger - INFO - Попытка загрузки YouTube видео с ID: goBHnAbWP1Q
2025-02-16 15:27:12,775 - utils.logger - ERROR - Неожиданная ошибка при попытке 1: YouTube.__init__() got an unexpected keyword argument 'verify'
2025-02-16 15:27:14,775 - utils.logger - ERROR - Неожиданная ошибка при попытке 2: YouTube.__init__() got an unexpected keyword argument 'verify'
2025-02-16 15:27:16,776 - utils.logger - ERROR - Неожиданная ошибка при попытке 3: YouTube.__init__() got an unexpected keyword argument 'verify'
2025-02-16 15:27:17,080 - aiogram.event - INFO - Update id=296563386 is handled. Duration 4457 ms by bot id=8135378536
2025-02-16 15:28:55,017 - aiogram.dispatcher - WARNING - Received SIGTERM signal
2025-02-16 15:28:55,018 - aiogram.dispatcher - INFO - Polling stopped for bot @youtubemediadownloader2014bot id=8135378536 - 'YouTube Instagram Pinterest Downloader'
2025-02-16 15:28:55,018 - aiogram.dispatcher - INFO - Polling stopped
2025-02-16 15:28:59,208 - utils.logger - INFO - Starting bot...
2025-02-16 15:28:59,208 - utils.logger - INFO - Starting polling...
2025-02-16 15:28:59,209 - aiogram.dispatcher - INFO - Start polling
2025-02-16 15:28:59,579 - aiogram.dispatcher - INFO - Run polling for bot @youtubemediadownloader2014bot id=8135378536 - 'YouTube Instagram Pinterest Downloader'
2025-02-16 15:29:29,766 - aiogram.dispatcher - WARNING - Received SIGTERM signal
2025-02-16 15:29:29,768 - aiogram.dispatcher - INFO - Polling stopped for bot @youtubemediadownloader2014bot id=8135378536 - 'YouTube Instagram Pinterest Downloader'
2025-02-16 15:29:29,769 - aiogram.dispatcher - INFO - Polling stopped
2025-02-16 15:29:33,662 - utils.logger - INFO - Starting bot...
2025-02-16 15:29:33,663 - utils.logger - INFO - Starting polling...
2025-02-16 15:29:33,663 - aiogram.dispatcher - INFO - Start polling
2025-02-16 15:29:34,060 - aiogram.dispatcher - INFO - Run polling for bot @youtubemediadownloader2014bot id=8135378536 - 'YouTube Instagram Pinterest Downloader'
2025-02-16 15:30:00,112 - aiogram.event - INFO - Update id=296563387 is handled. Duration 440 ms by bot id=8135378536
2025-02-16 15:30:40,896 - utils.logger - INFO - Processing download request for URL: https://www.instagram.com/p/DGGZ5ojIHIg/?utm_source=ig_web_copy_link
2025-02-16 15:30:40,896 - utils.logger - INFO - Detected platform: instagram
2025-02-16 15:30:40,896 - utils.logger - INFO - Попытка загрузки поста Instagram с shortcode: DGGZ5ojIHIg
2025-02-16 15:30:41,522 - utils.logger - ERROR - Не найден URL медиафайла
2025-02-16 15:30:41,523 - utils.logger - ERROR - Ошибка в Instagram загрузчике: Не удалось найти медиафайл в посте Instagram
2025-02-16 15:30:41,837 - aiogram.event - INFO - Update id=296563388 is handled. Duration 1083 ms by bot id=8135378536
2025-02-16 15:30:47,827 - utils.logger - INFO - Processing download request for URL: https://www.instagram.com/p/DGGZ5ojIHIg/
2025-02-16 15:30:47,827 - utils.logger - INFO - Detected platform: instagram
2025-02-16 15:30:47,827 - utils.logger - INFO - Попытка загрузки поста Instagram с shortcode: DGGZ5ojIHIg
2025-02-16 15:30:48,402 - utils.logger - ERROR - Не найден URL медиафайла
2025-02-16 15:30:48,402 - utils.logger - ERROR - Ошибка в Instagram загрузчике: Не удалось найти медиафайл в посте Instagram
2025-02-16 15:30:48,707 - aiogram.event - INFO - Update id=296563389 is handled. Duration 1130 ms by bot id=8135378536
2025-02-16 15:30:53,957 - utils.logger - INFO - Processing download request for URL: https://www.youtube.com/watch?v=goBHnAbWP1Q
2025-02-16 15:30:53,957 - utils.logger - INFO - Detected platform: youtube
2025-02-16 15:30:53,957 - utils.logger - INFO - Попытка загрузки YouTube видео с ID: goBHnAbWP1Q
2025-02-16 15:30:57,062 - utils.logger - INFO - Видео с YouTube успешно загружено: downloads/youtube/goBHnAbWP1Q.mp4
2025-02-16 15:30:59,830 - utils.logger - INFO - Successfully sent file to user: downloads/youtube/goBHnAbWP1Q.mp4
2025-02-16 15:30:59,831 - utils.logger - INFO - Cleaned up file: downloads/youtube/goBHnAbWP1Q.mp4
2025-02-16 15:31:00,090 - aiogram.event - INFO - Update id=296563390 is handled. Duration 6350 ms by bot id=8135378536
2025-02-16 15:31:57,757 - utils.logger - INFO - Processing download request for URL: https://www.instagram.com/p/DGH0PIzpEfE/?utm_source=ig_web_copy_link
2025-02-16 15:31:57,757 - utils.logger - INFO - Detected platform: instagram
2025-02-16 15:31:57,758 - utils.logger - INFO - Попытка загрузки поста Instagram с shortcode: DGH0PIzpEfE
2025-02-16 15:31:58,337 - utils.logger - ERROR - Не найден URL медиафайла
2025-02-16 15:31:58,337 - utils.logger - ERROR - Ошибка в Instagram загрузчике: Не удалось найти медиафайл в посте Instagram
2025-02-16 15:31:58,652 - aiogram.event - INFO - Update id=296563391 is handled. Duration 1035 ms by bot id=8135378536
2025-02-16 15:32:58,593 - aiogram.dispatcher - WARNING - Received SIGTERM signal
2025-02-16 15:32:58,593 - aiogram.dispatcher - INFO - Polling stopped for bot @youtubemediadownloader2014bot id=8135378536 - 'YouTube Instagram Pinterest Downloader'
2025-02-16 15:32:58,594 - aiogram.dispatcher - INFO - Polling stopped
2025-02-16 15:33:03,007 - utils.logger - INFO - Starting bot...
2025-02-16 15:33:03,007 - utils.logger - INFO - Starting polling...
2025-02-16 15:33:03,007 - aiogram.dispatcher - INFO - Start polling
2025-02-16 15:33:03,396 - aiogram.dispatcher - INFO - Run polling for bot @youtubemediadownloader2014bot id=8135378536 - 'YouTube Instagram Pinterest Downloader'
2025-02-16 15:33:23,038 - utils.logger - INFO - Processing download request for URL: https://www.instagram.com/p/DGH0PIzpEfE/?utm_source=ig_web_copy_link
2025-02-16 15:33:23,039 - utils.logger - INFO - Detected platform: instagram
2025-02-16 15:33:23,039 - utils.logger - INFO - Попытка загрузки поста Instagram с shortcode: DGH0PIzpEfE
2025-02-16 15:33:23,323 - utils.logger - ERROR - Ошибка при получении данных из Instagram: 401, message='Unauthorized', url='https://www.instagram.com/graphql/query/?query_hash=2c4c2e343a8f64c625ba02b2aa12c7f8&variables=%7B%22shortcode%22:%22DGH0PIzpEfE%22%7D'
2025-02-16 15:33:23,324 - utils.logger - ERROR - Ошибка в Instagram загрузчике: Не удалось загрузить данные поста
2025-02-16 15:33:23,599 - aiogram.event - INFO - Update id=296563392 is handled. Duration 954 ms by bot id=8135378536
2025-02-16 15:33:42,860 - utils.logger - INFO - Processing download request for URL: https://www.instagram.com/p/DGIyrAxiPf7/
2025-02-16 15:33:42,861 - utils.logger - INFO - Detected platform: instagram
2025-02-16 15:33:42,861 - utils.logger - INFO - Попытка загрузки поста Instagram с shortcode: DGIyrAxiPf7
2025-02-16 15:33:43,104 - utils.logger - ERROR - Ошибка при получении данных из Instagram: 401, message='Unauthorized', url='https://www.instagram.com/graphql/query/?query_hash=2c4c2e343a8f64c625ba02b2aa12c7f8&variables=%7B%22shortcode%22:%22DGIyrAxiPf7%22%7D'
2025-02-16 15:33:43,104 - utils.logger - ERROR - Ошибка в Instagram загрузчике: Не удалось загрузить данные поста
2025-02-16 15:33:43,377 - aiogram.event - INFO - Update id=296563393 is handled. Duration 656 ms by bot id=8135378536
2025-02-16 15:57:19,799 - aiogram.dispatcher - WARNING - Received SIGTERM signal
2025-02-16 15:57:19,800 - aiogram.dispatcher - INFO - Polling stopped for bot @youtubemediadownloader2014bot id=8135378536 - 'YouTube Instagram Pinterest Downloader'
2025-02-16 15:57:19,800 - aiogram.dispatcher - INFO - Polling stopped
2025-02-16 15:57:27,269 - utils.logger - INFO - Starting bot...
2025-02-16 15:57:27,269 - utils.logger - INFO - Starting polling...
2025-02-16 15:57:27,269 - aiogram.dispatcher - INFO - Start polling
2025-02-16 15:57:28,116 - aiogram.dispatcher - INFO - Run polling for bot @youtubemediadownloader2014bot id=8135378536 - 'YouTube Instagram Pinterest Downloader'
2025-02-16 15:57:53,794 - aiogram.dispatcher - WARNING - Received SIGTERM signal
2025-02-16 15:57:53,795 - aiogram.dispatcher - INFO - Polling stopped for bot @youtubemediadownloader2014bot id=8135378536 - 'YouTube Instagram Pinterest Downloader'
2025-02-16 15:57:53,796 - aiogram.dispatcher - INFO - Polling stopped
2025-02-16 15:57:57,140 - utils.logger - INFO - Starting bot...
2025-02-16 15:57:57,141 - utils.logger - INFO - Starting polling...
2025-02-16 15:57:57,142 - aiogram.dispatcher - INFO - Start polling
2025-02-16 15:57:57,511 - aiogram.dispatcher - INFO - Run polling for bot @youtubemediadownloader2014bot id=8135378536 - 'YouTube Instagram Pinterest Downloader'
2025-02-16 15:58:31,761 - aiogram.event - INFO - Update id=296563394 is handled. Duration 404 ms by bot id=8135378536
2025-02-16 15:59:16,456 - utils.logger - INFO - Processing download request for URL: https://www.instagram.com/reel/DGI2SyxtQBM/?utm_source=ig_web_copy_link
2025-02-16 15:59:16,456 - utils.logger - INFO - Detected platform: instagram
2025-02-16 15:59:16,457 - utils.logger - INFO - Попытка загрузки поста Instagram с ID: DGI2SyxtQBM
2025-02-16 15:59:16,598 - utils.logger - ERROR - Ошибка в Instagram загрузчике: Неверный запрос к API Instagram
2025-02-16 15:59:16,944 - aiogram.event - INFO - Update id=296563395 is handled. Duration 758 ms by bot id=8135378536
2025-02-16 16:00:14,756 - aiogram.dispatcher - WARNING - Received SIGINT signal
2025-02-16 16:00:14,757 - aiogram.dispatcher - INFO - Polling stopped for bot @youtubemediadownloader2014bot id=8135378536 - 'YouTube Instagram Pinterest Downloader'
2025-02-16 16:00:14,758 - aiogram.dispatcher - INFO - Polling stopped
2025-02-16 16:04:19,246 - utils.logger - INFO - Starting bot...
2025-02-16 16:04:19,247 - utils.logger - INFO - Starting polling...
2025-02-16 16:04:19,248 - aiogram.dispatcher - INFO - Start polling
2025-02-16 16:04:19,627 - aiogram.dispatcher - INFO - Run polling for bot @youtubemediadownloader2014bot id=8135378536 - 'YouTube Instagram Pinterest Downloader'
2025-02-16 16:05:33,840 - aiogram.dispatcher - WARNING - Received SIGTERM signal
2025-02-16 16:05:33,841 - aiogram.dispatcher - INFO - Polling stopped for bot @youtubemediadownloader2014bot id=8135378536 - 'YouTube Instagram Pinterest Downloader'
2025-02-16 16:05:33,841 - aiogram.dispatcher - INFO - Polling stopped
2025-02-16 16:05:39,350 - utils.logger - INFO - Starting bot...
2025-02-16 16:05:39,350 - utils.logger - INFO - Starting polling...
2025-02-16 16:05:39,351 - aiogram.dispatcher - INFO - Start polling
2025-02-16 16:05:39,725 - aiogram.dispatcher - INFO - Run polling for bot @youtubemediadownloader2014bot id=8135378536 - 'YouTube Instagram Pinterest Downloader'
2025-02-16 16:05:51,614 - aiogram.dispatcher - WARNING - Received SIGTERM signal
2025-02-16 16:05:51,615 - aiogram.dispatcher - INFO - Polling stopped for bot @youtubemediadownloader2014bot id=8135378536 - 'YouTube Instagram Pinterest Downloader'
2025-02-16 16:05:51,615 - aiogram.dispatcher - INFO - Polling stopped
2025-02-16 16:05:56,051 - utils.logger - INFO - Starting bot...
2025-02-16 16:05:56,052 - utils.logger - INFO - Starting polling...
2025-02-16 16:05:56,052 - aiogram.dispatcher - INFO - Start polling
2025-02-16 16:05:56,424 - aiogram.dispatcher - INFO - Run polling for bot @youtubemediadownloader2014bot id=8135378536 - 'YouTube Instagram Pinterest Downloader'
2025-02-16 16:07:15,239 - aiogram.event - INFO - Update id=296563396 is handled. Duration 399 ms by bot id=8135378536
2025-02-16 16:08:17,593 - utils.logger - INFO - Processing download request for URL: https://www.tiktok.com/@kxntanine_/video/7469391194573819143
2025-02-16 16:08:17,593 - utils.logger - INFO - Detected platform: tiktok
2025-02-16 16:08:17,593 - utils.logger - INFO - Попытка загрузки видео TikTok с ID: 7469391194573819143
2025-02-16 16:08:23,397 - utils.logger - INFO - Видео TikTok успешно загружено: downloads/tiktok/video_7469391194573819143.mp4
2025-02-16 16:08:24,974 - utils.logger - INFO - Successfully sent file to user: downloads/tiktok/video_7469391194573819143.mp4
2025-02-16 16:08:24,980 - utils.logger - INFO - Cleaned up file: downloads/tiktok/video_7469391194573819143.mp4
2025-02-16 16:08:25,272 - aiogram.event - INFO - Update id=296563397 is handled. Duration 7820 ms by bot id=8135378536
2025-02-16 16:08:51,686 - utils.logger - INFO - Processing download request for URL: https://www.youtube.com/watch?v=goBHnAbWP1Q
2025-02-16 16:08:51,695 - utils.logger - INFO - Detected platform: youtube
2025-02-16 16:08:51,698 - utils.logger - INFO - Попытка загрузки YouTube видео с ID: goBHnAbWP1Q
2025-02-16 16:08:54,962 - utils.logger - INFO - Видео с YouTube успешно загружено: downloads/youtube/goBHnAbWP1Q.mp4
2025-02-16 16:08:57,642 - utils.logger - INFO - Successfully sent file to user: downloads/youtube/goBHnAbWP1Q.mp4
2025-02-16 16:08:57,642 - utils.logger - INFO - Cleaned up file: downloads/youtube/goBHnAbWP1Q.mp4
2025-02-16 16:08:57,891 - aiogram.event - INFO - Update id=296563398 is handled. Duration 6489 ms by bot id=8135378536
2025-02-16 16:09:11,935 - utils.logger - INFO - Processing download request for URL: https://ru.pinterest.com/pin/489836896979084691/
2025-02-16 16:09:11,936 - utils.logger - INFO - Detected platform: pinterest
2025-02-16 16:09:11,936 - utils.logger - INFO - Начинаем загрузку пина Pinterest: https://ru.pinterest.com/pin/489836896979084691/
2025-02-16 16:09:12,525 - utils.logger - INFO - Найден URL изображения: https://i.pinimg.com/736x/c3/60/2f/c3602f48db5602599be17b901a5f9e36.jpg
2025-02-16 16:09:12,621 - utils.logger - INFO - Pinterest изображение успешно загружено: downloads/pinterest/pin_489836896979084691.jpg
2025-02-16 16:09:13,043 - utils.logger - INFO - Successfully sent file to user: downloads/pinterest/pin_489836896979084691.jpg
2025-02-16 16:09:13,047 - utils.logger - INFO - Cleaned up file: downloads/pinterest/pin_489836896979084691.jpg
2025-02-16 16:09:13,314 - aiogram.event - INFO - Update id=296563399 is handled. Duration 1526 ms by bot id=8135378536
2025-02-16 23:30:45,948 - utils.logger - INFO - Starting bot...
2025-02-16 23:30:45,949 - utils.logger - INFO - Starting polling...
2025-02-16 23:30:45,950 - aiogram.dispatcher - INFO - Start polling
2025-02-16 23:30:47,230 - aiogram.dispatcher - INFO - Run polling for bot @youtubemediadownloader2014bot id=8135378536 - 'YouTube Instagram Pinterest Downloader'
2025-02-16 23:30:49,608 - aiogram.dispatcher - WARNING - Received SIGINT signal
2025-02-16 23:30:49,610 - aiogram.dispatcher - INFO - Polling stopped for bot @youtubemediadownloader2014bot id=8135378536 - 'YouTube Instagram Pinterest Downloader'
2025-02-16 23:30:49,610 - aiogram.dispatcher - INFO - Polling stopped
